Build started 10/30/2014 11:24:33 PM.
     1>Project "C:\Users\ZGorlock\Coding\C\Visual Studio Workplace\COP3223\Assignment 4\Assignment 4.vcxproj" on node 2 (Build target(s)).
     1>ClCompile:
         C:\Program Files (x86)\Microsoft Visual Studio 12.0\VC\bin\CL.exe /c /ZI /nologo /W3 /WX- /sdl /Od /Oy- /D _CRT_SECURE_NO_WARNINGS /D _MBCS /Gm /EHsc /RTC1 /MDd /GS /fp:precise /Zc:wchar_t /Zc:forScope /Fo"Debug\\" /Fd"Debug\vc120.pdb" /Gd /TC /analyze- /errorReport:prompt assign4.c
         assign4.c
     1>c:\users\zgorlock\coding\c\visual studio workplace\cop3223\assignment 4\assign4.c(42): warning C4101: 'cols' : unreferenced local variable
     1>c:\users\zgorlock\coding\c\visual studio workplace\cop3223\assignment 4\assign4.c(42): warning C4101: 'i' : unreferenced local variable
     1>c:\users\zgorlock\coding\c\visual studio workplace\cop3223\assignment 4\assign4.c(43): warning C4101: 'ci' : unreferenced local variable
     1>c:\users\zgorlock\coding\c\visual studio workplace\cop3223\assignment 4\assign4.c(42): warning C4101: 'rows' : unreferenced local variable
     1>c:\users\zgorlock\coding\c\visual studio workplace\cop3223\assignment 4\assign4.c(42): warning C4101: 'j' : unreferenced local variable
     1>c:\users\zgorlock\coding\c\visual studio workplace\cop3223\assignment 4\assign4.c(41): warning C4101: 'fileName' : unreferenced local variable
     1>c:\users\zgorlock\coding\c\visual studio workplace\cop3223\assignment 4\assign4.c(127): warning C4047: '=' : 'int' differs in levels of indirection from 'int **'
     1>c:\users\zgorlock\coding\c\visual studio workplace\cop3223\assignment 4\assign4.c(129): warning C4047: '=' : 'int' differs in levels of indirection from 'int **'
     1>c:\users\zgorlock\coding\c\visual studio workplace\cop3223\assignment 4\assign4.c(131): warning C4047: 'function' : 'int **' differs in levels of indirection from 'int'
     1>c:\users\zgorlock\coding\c\visual studio workplace\cop3223\assignment 4\assign4.c(131): warning C4024: 'sobelfunc' : different types for formal and actual parameter 2
     1>c:\users\zgorlock\coding\c\visual studio workplace\cop3223\assignment 4\assign4.c(131): warning C4024: 'sobelfunc' : different types for formal and actual parameter 4
     1>c:\users\zgorlock\coding\c\visual studio workplace\cop3223\assignment 4\assign4.c(133): warning C4047: 'function' : 'int **' differs in levels of indirection from 'int'
     1>c:\users\zgorlock\coding\c\visual studio workplace\cop3223\assignment 4\assign4.c(133): warning C4024: 'writeoutpic' : different types for formal and actual parameter 2
     1>c:\users\zgorlock\coding\c\visual studio workplace\cop3223\assignment 4\assign4.c(139): warning C4022: 'free' : pointer mismatch for actual parameter 1
     1>c:\users\zgorlock\coding\c\visual studio workplace\cop3223\assignment 4\assign4.c(140): warning C4047: '=' : 'int' differs in levels of indirection from 'void *'
     1>c:\users\zgorlock\coding\c\visual studio workplace\cop3223\assignment 4\assign4.c(141): warning C4022: 'free' : pointer mismatch for actual parameter 1
     1>c:\users\zgorlock\coding\c\visual studio workplace\cop3223\assignment 4\assign4.c(142): warning C4047: '=' : 'int' differs in levels of indirection from 'void *'
     1>c:\users\zgorlock\coding\c\visual studio workplace\cop3223\assignment 4\assign4.c(175): warning C4018: '<' : signed/unsigned mismatch
     1>c:\users\zgorlock\coding\c\visual studio workplace\cop3223\assignment 4\assign4.c(177): warning C4018: '<' : signed/unsigned mismatch
     1>c:\users\zgorlock\coding\c\visual studio workplace\cop3223\assignment 4\assign4.c(330): warning C4018: '<' : signed/unsigned mismatch
     1>c:\users\zgorlock\coding\c\visual studio workplace\cop3223\assignment 4\assign4.c(341): warning C4018: '<' : signed/unsigned mismatch
     1>c:\users\zgorlock\coding\c\visual studio workplace\cop3223\assignment 4\assign4.c(343): warning C4018: '<' : signed/unsigned mismatch
     1>c:\users\zgorlock\coding\c\visual studio workplace\cop3223\assignment 4\assign4.c(402): warning C4244: '=' : conversion from 'double' to 'int', possible loss of data
     1>c:\users\zgorlock\coding\c\visual studio workplace\cop3223\assignment 4\assign4.c(361): warning C4101: 'threshold' : unreferenced local variable
       Link:
         C:\Program Files (x86)\Microsoft Visual Studio 12.0\VC\bin\link.exe /ERRORREPORT:PROMPT /OUT:"C:\Users\ZGorlock\Coding\C\Visual Studio Workplace\COP3223\Debug\Assignment 4.exe" /INCREMENTAL /NOLOGO kernel32.lib user32.lib gdi32.lib winspool.lib comdlg32.lib advapi32.lib shell32.lib ole32.lib oleaut32.lib uuid.lib odbc32.lib odbccp32.lib /MANIFEST /MANIFESTUAC:"level='asInvoker' uiAccess='false'" /manifest:embed /DEBUG /PDB:"C:\Users\ZGorlock\Coding\C\Visual Studio Workplace\COP3223\Debug\Assignment 4.pdb" /TLBID:1 /DYNAMICBASE /NXCOMPAT /IMPLIB:"C:\Users\ZGorlock\Coding\C\Visual Studio Workplace\COP3223\Debug\Assignment 4.lib" /MACHINE:X86 Debug\assign4.obj
         Assignment 4.vcxproj -> C:\Users\ZGorlock\Coding\C\Visual Studio Workplace\COP3223\Debug\Assignment 4.exe
     1>Done Building Project "C:\Users\ZGorlock\Coding\C\Visual Studio Workplace\COP3223\Assignment 4\Assignment 4.vcxproj" (Build target(s)).

Build succeeded.

Time Elapsed 00:00:00.86
