Build started 9/17/2014 2:14:50 PM.
     1>Project "C:\Users\ZGorlock\Coding\C\Visual Studio Workplace\COP3223\Chapter 7\Chapter 7.vcxproj" on node 2 (Build target(s)).
     1>ClCompile:
         C:\Program Files (x86)\Microsoft Visual Studio 12.0\VC\bin\CL.exe /c /ZI /nologo /W3 /WX- /sdl /Od /Oy- /D _CRT_SECURE_NO_WARNINGS /D _MBCS /Gm /EHsc /RTC1 /MDd /GS /fp:precise /Zc:wchar_t /Zc:forScope /Fo"Debug\\" /Fd"Debug\vc120.pdb" /Gd /TC /analyze- /errorReport:prompt bankinclass.c diamond.c diamond_copy.c loopclearscreen1.c loopclearscreen1_copy.c stars.c stars2.c stars_copy.c
         stars_copy.c
         stars2.c
         stars.c
         loopclearscreen1_copy.c
         loopclearscreen1.c
         diamond_copy.c
         diamond.c
         bankinclass.c
         Generating Code...
       Link:
         C:\Program Files (x86)\Microsoft Visual Studio 12.0\VC\bin\link.exe /ERRORREPORT:PROMPT /OUT:"C:\Users\ZGorlock\Coding\C\Visual Studio Workplace\COP3223\Debug\Chapter 7.exe" /INCREMENTAL /NOLOGO kernel32.lib user32.lib gdi32.lib winspool.lib comdlg32.lib advapi32.lib shell32.lib ole32.lib oleaut32.lib uuid.lib odbc32.lib odbccp32.lib /MANIFEST /MANIFESTUAC:"level='asInvoker' uiAccess='false'" /manifest:embed /DEBUG /PDB:"C:\Users\ZGorlock\Coding\C\Visual Studio Workplace\COP3223\Debug\Chapter 7.pdb" /TLBID:1 /DYNAMICBASE /NXCOMPAT /IMPLIB:"C:\Users\ZGorlock\Coding\C\Visual Studio Workplace\COP3223\Debug\Chapter 7.lib" /MACHINE:X86 Debug\bankinclass.obj
         Debug\diamond.obj
         Debug\diamond_copy.obj
         Debug\loopclearscreen1.obj
         Debug\loopclearscreen1_copy.obj
         Debug\stars.obj
         Debug\stars2.obj
         Debug\stars_copy.obj
         Chapter 7.vcxproj -> C:\Users\ZGorlock\Coding\C\Visual Studio Workplace\COP3223\Debug\Chapter 7.exe
     1>Done Building Project "C:\Users\ZGorlock\Coding\C\Visual Studio Workplace\COP3223\Chapter 7\Chapter 7.vcxproj" (Build target(s)).

Build succeeded.

Time Elapsed 00:00:01.40
